2018-03-17 09:45:20,724 - BrowserConfiguration - INFO - you selected Chrome browser.
2018-03-17 09:45:20,724 - BrowserConfiguration - INFO - The test URL is: https://www.baidu.com
2018-03-17 09:45:25,560 - BrowserConfiguration - INFO - Starting Chrome browser
2018-03-17 09:45:26,690 - BrowserConfiguration - INFO - Maximize the current window
2018-03-17 09:45:27,643 - BrowserConfiguration - INFO - Open url: https://www.baidu.com
2018-03-17 09:45:27,645 - BrowserConfiguration - INFO - implicitly 5 seconds
2018-03-17 09:45:27,682 - BasePage - INFO - find element xpath=>//*[@id='u1']/a[1] successful
2018-03-17 09:45:50,507 - BasePage - INFO - the element is clicked
2018-03-17 09:45:53,507 - BasePage - INFO - sleep for 3 seconds
2018-03-17 09:45:53,537 - BasePage - INFO - find element xpath=>//*[@id='channel-all']/div/ul/li[8]/a successful
2018-03-17 09:45:55,012 - BasePage - INFO - the element is clicked
2018-03-17 09:45:58,013 - BasePage - INFO - sleep for 3 seconds
2018-03-17 09:45:58,042 - BasePage - INFO - find element xpath=>//*[@id='channel-all']/div/ul/li[13]/a successful
2018-03-17 09:45:59,813 - BasePage - INFO - the element is clicked
2018-03-17 09:46:02,814 - BasePage - INFO - sleep for 3 seconds
2018-03-17 09:46:03,465 - BasePage - INFO - take a photo and save to folder
2018-03-17 09:46:06,584 - BrowserConfiguration - INFO - you selected Chrome browser.
2018-03-17 09:46:06,584 - BrowserConfiguration - INFO - The test URL is: https://www.baidu.com
2018-03-17 09:46:11,546 - BrowserConfiguration - INFO - Starting Chrome browser
2018-03-17 09:46:12,669 - BrowserConfiguration - INFO - Maximize the current window
2018-03-17 09:46:13,716 - BrowserConfiguration - INFO - Open url: https://www.baidu.com
2018-03-17 09:46:13,719 - BrowserConfiguration - INFO - implicitly 5 seconds
2018-03-17 09:46:13,728 - BasePage - INFO - Current page title is 百度一下，你就知道
